0 info it worked if it ends with ok
1 verbose cli [ 'C:\\Program Files\\nodejs\\\\node.exe',
1 verbose cli   'C:\\Program Files\\nodejs\\node_modules\\npm\\bin\\npm-cli.js',
1 verbose cli   'run',
1 verbose cli   'lite' ]
2 info using npm@1.4.3
3 info using node@v0.10.35
4 verbose node symlink C:\Program Files\nodejs\\node.exe
5 verbose run-script [ 'prelite', 'lite', 'postlite' ]
6 info prelite hero-editor@1.0.0
7 info lite hero-editor@1.0.0
8 verbose unsafe-perm in lifecycle true
9 info hero-editor@1.0.0 Failed to exec lite script
10 error hero-editor@1.0.0 lite: `lite-server`
10 error Exit status -1073741819
11 error Failed at the hero-editor@1.0.0 lite script.
11 error This is most likely a problem with the hero-editor package,
11 error not with npm itself.
11 error Tell the author that this fails on your system:
11 error     lite-server
11 error You can get their info via:
11 error     npm owner ls hero-editor
11 error There is likely additional logging output above.
12 error System Windows_NT 6.1.7601
13 error command "C:\\Program Files\\nodejs\\\\node.exe" "C:\\Program Files\\nodejs\\node_modules\\npm\\bin\\npm-cli.js" "run" "lite"
14 error cwd D:\Projects\Test\AngularJSTest\HeroEditor
15 error node -v v0.10.35
16 error npm -v 1.4.3
17 error code ELIFECYCLE
18 verbose exit [ 1, true ]
